<?xml version="1.0" encoding="UTF-8"?>
<!-- Generated by org.testng.reporters.JUnitXMLReporter -->
<testsuite ignored="0" hostname="LAPTOP-SR7422KK" failures="1" tests="1" name="Test" time="60.172" errors="0" timestamp="25 Jun 2020 13:47:06 GMT">
  <testcase classname="com.tyss.projectframework.scripts.LoginTest" name="tc_01" time="5.495">
    <failure type="java.lang.AssertionError" message="expected [] but found [Shopping Portal Home Page]">
      <![CDATA[java.lang.AssertionError: expected [] but found [Shopping Portal Home Page]
	at com.tyss.projectframework.scripts.LoginTest.tc_01(LoginTest.java:34)
... Removed 31 stack frames]]>
    </failure>
  </testcase> <!-- tc_01 -->
</testsuite> <!-- Test -->
